This is pdfTeX, Version 3.141592653-2.6-1.40.28 (TeX Live 2025) (preloaded format=pdflatex 2025.11.7)  11 NOV 2025 16:01
entering extended mode
 restricted \write18 enabled.
 %&-line parsing enabled.
**main.tex
(./main.tex
LaTeX2e <2025-11-01>
L3 programming layer <2025-10-24>
(/Users/martinleguennec/Library/TinyTeX/texmf-dist/tex/latex/base/article.cls
Document Class: article 2025/01/22 v1.4n Standard LaTeX document class
(/Users/martinleguennec/Library/TinyTeX/texmf-dist/tex/latex/base/size10.clo
File: size10.clo 2025/01/22 v1.4n Standard LaTeX file (size option)
)
\c@part=\count275
\c@section=\count276
\c@subsection=\count277
\c@subsubsection=\count278
\c@paragraph=\count279
\c@subparagraph=\count280
\c@figure=\count281
\c@table=\count282
\abovecaptionskip=\skip49
\belowcaptionskip=\skip50
\bibindent=\dimen148
) (/Users/martinleguennec/Library/TinyTeX/texmf-dist/tex/latex/amsmath/amsmath.sty
Package: amsmath 2025/07/09 v2.17z AMS math features
\@mathmargin=\skip51
For additional information on amsmath, use the `?' option.
(/Users/martinleguennec/Library/TinyTeX/texmf-dist/tex/latex/amsmath/amstext.sty
Package: amstext 2024/11/17 v2.01 AMS text
(/Users/martinleguennec/Library/TinyTeX/texmf-dist/tex/latex/amsmath/amsgen.sty
File: amsgen.sty 1999/11/30 v2.0 generic functions
\@emptytoks=\toks17
\ex@=\dimen149
)) (/Users/martinleguennec/Library/TinyTeX/texmf-dist/tex/latex/amsmath/amsbsy.sty
Package: amsbsy 1999/11/29 v1.2d Bold Symbols
\pmbraise@=\dimen150
) (/Users/martinleguennec/Library/TinyTeX/texmf-dist/tex/latex/amsmath/amsopn.sty
Package: amsopn 2022/04/08 v2.04 operator names
)
\inf@bad=\count283
LaTeX Info: Redefining \frac on input line 233.
\uproot@=\count284
\leftroot@=\count285
LaTeX Info: Redefining \overline on input line 398.
LaTeX Info: Redefining \colon on input line 409.
\classnum@=\count286
\DOTSCASE@=\count287
LaTeX Info: Redefining \ldots on input line 495.
LaTeX Info: Redefining \dots on input line 498.
LaTeX Info: Redefining \cdots on input line 619.
\Mathstrutbox@=\box53
\strutbox@=\box54
LaTeX Info: Redefining \big on input line 721.
LaTeX Info: Redefining \Big on input line 722.
LaTeX Info: Redefining \bigg on input line 723.
LaTeX Info: Redefining \Bigg on input line 724.
\big@size=\dimen151
LaTeX Font Info:    Redeclaring font encoding OML on input line 742.
LaTeX Font Info:    Redeclaring font encoding OMS on input line 743.
\macc@depth=\count288
LaTeX Info: Redefining \bmod on input line 904.
LaTeX Info: Redefining \pmod on input line 909.
LaTeX Info: Redefining \smash on input line 939.
LaTeX Info: Redefining \relbar on input line 969.
LaTeX Info: Redefining \Relbar on input line 970.
\c@MaxMatrixCols=\count289
\dotsspace@=\muskip17
\c@parentequation=\count290
\dspbrk@lvl=\count291
\tag@help=\toks18
\row@=\count292
\column@=\count293
\maxfields@=\count294
\andhelp@=\toks19
\eqnshift@=\dimen152
\alignsep@=\dimen153
\tagshift@=\dimen154
\tagwidth@=\dimen155
\totwidth@=\dimen156
\lineht@=\dimen157
\@envbody=\toks20
\multlinegap=\skip52
\multlinetaggap=\skip53
\mathdisplay@stack=\toks21
LaTeX Info: Redefining \[ on input line 2950.
LaTeX Info: Redefining \] on input line 2951.
) (/Users/martinleguennec/Library/TinyTeX/texmf-dist/tex/latex/amsfonts/amssymb.sty
Package: amssymb 2013/01/14 v3.01 AMS font symbols
(/Users/martinleguennec/Library/TinyTeX/texmf-dist/tex/latex/amsfonts/amsfonts.sty
Package: amsfonts 2013/01/14 v3.01 Basic AMSFonts support
\symAMSa=\mathgroup4
\symAMSb=\mathgroup5
LaTeX Font Info:    Redeclaring math symbol \hbar on input line 98.
LaTeX Font Info:    Overwriting math alphabet `\mathfrak' in version `bold'
(Font)                  U/euf/m/n --> U/euf/b/n on input line 106.
)) (/Users/martinleguennec/Library/TinyTeX/texmf-dist/tex/generic/iftex/iftex.sty
Package: iftex 2024/12/12 v1.0g TeX engine tests
) (/Users/martinleguennec/Library/TinyTeX/texmf-dist/tex/latex/base/fontenc.sty
Package: fontenc 2025/07/18 v2.1d Standard LaTeX package
) (/Users/martinleguennec/Library/TinyTeX/texmf-dist/tex/latex/base/inputenc.sty
Package: inputenc 2024/02/08 v1.3d Input encoding file
\inpenc@prehook=\toks22
\inpenc@posthook=\toks23
) (/Users/martinleguennec/Library/TinyTeX/texmf-dist/tex/latex/base/textcomp.sty
Package: textcomp 2024/04/24 v2.1b Standard LaTeX package
) (/Users/martinleguennec/Library/TinyTeX/texmf-dist/tex/latex/lm/lmodern.sty
Package: lmodern 2015/05/01 v1.6.1 Latin Modern Fonts
LaTeX Font Info:    Overwriting symbol font `operators' in version `normal'
(Font)                  OT1/cmr/m/n --> OT1/lmr/m/n on input line 22.
LaTeX Font Info:    Overwriting symbol font `letters' in version `normal'
(Font)                  OML/cmm/m/it --> OML/lmm/m/it on input line 23.
LaTeX Font Info:    Overwriting symbol font `symbols' in version `normal'
(Font)                  OMS/cmsy/m/n --> OMS/lmsy/m/n on input line 24.
LaTeX Font Info:    Overwriting symbol font `largesymbols' in version `normal'
(Font)                  OMX/cmex/m/n --> OMX/lmex/m/n on input line 25.
LaTeX Font Info:    Overwriting symbol font `operators' in version `bold'
(Font)                  OT1/cmr/bx/n --> OT1/lmr/bx/n on input line 26.
LaTeX Font Info:    Overwriting symbol font `letters' in version `bold'
(Font)                  OML/cmm/b/it --> OML/lmm/b/it on input line 27.
LaTeX Font Info:    Overwriting symbol font `symbols' in version `bold'
(Font)                  OMS/cmsy/b/n --> OMS/lmsy/b/n on input line 28.
LaTeX Font Info:    Overwriting symbol font `largesymbols' in version `bold'
(Font)                  OMX/cmex/m/n --> OMX/lmex/m/n on input line 29.
LaTeX Font Info:    Overwriting math alphabet `\mathbf' in version `normal'
(Font)                  OT1/cmr/bx/n --> OT1/lmr/bx/n on input line 31.
LaTeX Font Info:    Overwriting math alphabet `\mathsf' in version `normal'
(Font)                  OT1/cmss/m/n --> OT1/lmss/m/n on input line 32.
LaTeX Font Info:    Overwriting math alphabet `\mathit' in version `normal'
(Font)                  OT1/cmr/m/it --> OT1/lmr/m/it on input line 33.
LaTeX Font Info:    Overwriting math alphabet `\mathtt' in version `normal'
(Font)                  OT1/cmtt/m/n --> OT1/lmtt/m/n on input line 34.
LaTeX Font Info:    Overwriting math alphabet `\mathbf' in version `bold'
(Font)                  OT1/cmr/bx/n --> OT1/lmr/bx/n on input line 35.
LaTeX Font Info:    Overwriting math alphabet `\mathsf' in version `bold'
(Font)                  OT1/cmss/bx/n --> OT1/lmss/bx/n on input line 36.
LaTeX Font Info:    Overwriting math alphabet `\mathit' in version `bold'
(Font)                  OT1/cmr/bx/it --> OT1/lmr/bx/it on input line 37.
LaTeX Font Info:    Overwriting math alphabet `\mathtt' in version `bold'
(Font)                  OT1/cmtt/m/n --> OT1/lmtt/m/n on input line 38.
) (/Users/martinleguennec/Library/TinyTeX/texmf-dist/tex/latex/xcolor/xcolor.sty
Package: xcolor 2024/09/29 v3.02 LaTeX color extensions (UK)
(/Users/martinleguennec/Library/TinyTeX/texmf-dist/tex/latex/graphics-cfg/color.cfg
File: color.cfg 2016/01/02 v1.6 sample color configuration
)
Package xcolor Info: Driver file: pdftex.def on input line 274.
(/Users/martinleguennec/Library/TinyTeX/texmf-dist/tex/latex/graphics-def/pdftex.def
File: pdftex.def 2025/09/29 v1.2d Graphics/color driver for pdftex
) (/Users/martinleguennec/Library/TinyTeX/texmf-dist/tex/latex/graphics/mathcolor.ltx)
Package xcolor Info: Model `cmy' substituted by `cmy0' on input line 1349.
Package xcolor Info: Model `hsb' substituted by `rgb' on input line 1353.
Package xcolor Info: Model `RGB' extended on input line 1365.
Package xcolor Info: Model `HTML' substituted by `rgb' on input line 1367.
Package xcolor Info: Model `Hsb' substituted by `hsb' on input line 1368.
Package xcolor Info: Model `tHsb' substituted by `hsb' on input line 1369.
Package xcolor Info: Model `HSB' substituted by `hsb' on input line 1370.
Package xcolor Info: Model `Gray' substituted by `gray' on input line 1371.
Package xcolor Info: Model `wave' substituted by `hsb' on input line 1372.
) (/Users/martinleguennec/Library/TinyTeX/texmf-dist/tex/latex/geometry/geometry.sty
Package: geometry 2020/01/02 v5.9 Page Geometry
(/Users/martinleguennec/Library/TinyTeX/texmf-dist/tex/latex/graphics/keyval.sty
Package: keyval 2022/05/29 v1.15 key=value parser (DPC)
\KV@toks@=\toks24
) (/Users/martinleguennec/Library/TinyTeX/texmf-dist/tex/generic/iftex/ifvtex.sty
Package: ifvtex 2019/10/25 v1.7 ifvtex legacy package. Use iftex instead.
)
\Gm@cnth=\count295
\Gm@cntv=\count296
\c@Gm@tempcnt=\count297
\Gm@bindingoffset=\dimen158
\Gm@wd@mp=\dimen159
\Gm@odd@mp=\dimen160
\Gm@even@mp=\dimen161
\Gm@layoutwidth=\dimen162
\Gm@layoutheight=\dimen163
\Gm@layouthoffset=\dimen164
\Gm@layoutvoffset=\dimen165
\Gm@dimlist=\toks25
) (/Users/martinleguennec/Library/TinyTeX/texmf-dist/tex/latex/tools/longtable.sty
Package: longtable 2025-10-13 v4.24 Multi-page Table package (DPC)
\LTleft=\skip54
\LTright=\skip55
\LTpre=\skip56
\LTpost=\skip57
\LTchunksize=\count298
\LTcapwidth=\dimen166
\LT@head=\box55
\LT@firsthead=\box56
\LT@foot=\box57
\LT@lastfoot=\box58
\LT@gbox=\box59
\LT@cols=\count299
\LT@rows=\count300
\c@LT@tables=\count301
\c@LT@chunks=\count302
\LT@p@ftn=\toks26
) (/Users/martinleguennec/Library/TinyTeX/texmf-dist/tex/latex/booktabs/booktabs.sty
Package: booktabs 2020/01/12 v1.61803398 Publication quality tables
\heavyrulewidth=\dimen167
\lightrulewidth=\dimen168
\cmidrulewidth=\dimen169
\belowrulesep=\dimen170
\belowbottomsep=\dimen171
\aboverulesep=\dimen172
\abovetopsep=\dimen173
\cmidrulesep=\dimen174
\cmidrulekern=\dimen175
\defaultaddspace=\dimen176
\@cmidla=\count303
\@cmidlb=\count304
\@aboverulesep=\dimen177
\@belowrulesep=\dimen178
\@thisruleclass=\count305
\@lastruleclass=\count306
\@thisrulewidth=\dimen179
) (/Users/martinleguennec/Library/TinyTeX/texmf-dist/tex/latex/tools/array.sty
Package: array 2025/09/25 v2.6n Tabular extension package (FMi)
\col@sep=\dimen180
\ar@mcellbox=\box60
\extrarowheight=\dimen181
\NC@list=\toks27
\extratabsurround=\skip58
\backup@length=\skip59
\ar@cellbox=\box61
) (/Users/martinleguennec/Library/TinyTeX/texmf-dist/tex/latex/tools/calc.sty
Package: calc 2025/03/01 v4.3b Infix arithmetic (KKT,FJ)
\calc@Acount=\count307
\calc@Bcount=\count308
\calc@Adimen=\dimen182
\calc@Bdimen=\dimen183
\calc@Askip=\skip60
\calc@Bskip=\skip61
LaTeX Info: Redefining \setlength on input line 86.
LaTeX Info: Redefining \addtolength on input line 87.
\calc@Ccount=\count309
\calc@Cskip=\skip62
) (/Users/martinleguennec/Library/TinyTeX/texmf-dist/tex/latex/etoolbox/etoolbox.sty
Package: etoolbox 2025/10/02 v2.5m e-TeX tools for LaTeX (JAW)
\etb@tempcnta=\count310
) (/Users/martinleguennec/Library/TinyTeX/texmf-dist/tex/latex/mdwtools/footnote.sty
Package: footnote 1997/01/28 1.13 Save footnotes around boxes
\fn@notes=\box62
\fn@width=\dimen184
) (/Users/martinleguennec/Library/TinyTeX/texmf-dist/tex/latex/graphics/graphicx.sty
Package: graphicx 2024/12/31 v1.2e Enhanced LaTeX Graphics (DPC,SPQR)
(/Users/martinleguennec/Library/TinyTeX/texmf-dist/tex/latex/graphics/graphics.sty
Package: graphics 2024/08/06 v1.4g Standard LaTeX Graphics (DPC,SPQR)
(/Users/martinleguennec/Library/TinyTeX/texmf-dist/tex/latex/graphics/trig.sty
Package: trig 2023/12/02 v1.11 sin cos tan (DPC)
) (/Users/martinleguennec/Library/TinyTeX/texmf-dist/tex/latex/graphics-cfg/graphics.cfg
File: graphics.cfg 2016/06/04 v1.11 sample graphics configuration
)
Package graphics Info: Driver file: pdftex.def on input line 106.
)
\Gin@req@height=\dimen185
\Gin@req@width=\dimen186
)
\cslhangindent=\skip63
\csllabelwidth=\skip64
(/Users/martinleguennec/Library/TinyTeX/texmf-dist/tex/latex/caption/caption.sty
Package: caption 2023/08/05 v3.6o Customizing captions (AR)
(/Users/martinleguennec/Library/TinyTeX/texmf-dist/tex/latex/caption/caption3.sty
Package: caption3 2023/07/31 v2.4d caption3 kernel (AR)
\caption@tempdima=\dimen187
\captionmargin=\dimen188
\caption@leftmargin=\dimen189
\caption@rightmargin=\dimen190
\caption@width=\dimen191
\caption@indent=\dimen192
\caption@parindent=\dimen193
\caption@hangindent=\dimen194
Package caption Info: Standard document class detected.
)
\c@caption@flags=\count311
\c@continuedfloat=\count312
Package caption Info: longtable package is loaded.
(/Users/martinleguennec/Library/TinyTeX/texmf-dist/tex/latex/caption/ltcaption.sty
Package: ltcaption 2021/01/08 v1.4c longtable captions (AR)
)) (/Users/martinleguennec/Library/TinyTeX/texmf-dist/tex/latex/titlesec/titlesec.sty
Package: titlesec 2025/01/04 v2.17 Sectioning titles
\ttl@box=\box63
\beforetitleunit=\skip65
\aftertitleunit=\skip66
\ttl@plus=\dimen195
\ttl@minus=\dimen196
\ttl@toksa=\toks28
\titlewidth=\dimen197
\titlewidthlast=\dimen198
\titlewidthfirst=\dimen199
) (/Users/martinleguennec/Library/TinyTeX/texmf-dist/tex/latex/multirow/multirow.sty
Package: multirow 2024/11/12 v2.9 Span multiple rows of a table
\multirow@colwidth=\skip67
\multirow@cntb=\count313
\multirow@dima=\skip68
\bigstrutjot=\dimen256
) (/Users/martinleguennec/Library/TinyTeX/texmf-dist/tex/latex/wrapfig/wrapfig.sty
\wrapoverhang=\dimen257
\WF@size=\dimen258
\c@WF@wrappedlines=\count314
\WF@box=\box64
\WF@everypar=\toks29
Package: wrapfig 2003/01/31  v 3.6
) (/Users/martinleguennec/Library/TinyTeX/texmf-dist/tex/latex/float/float.sty
Package: float 2001/11/08 v1.3d Float enhancements (AL)
\c@float@type=\count315
\float@exts=\toks30
\float@box=\box65
\@float@everytoks=\toks31
\@floatcapt=\box66
) (/Users/martinleguennec/Library/TinyTeX/texmf-dist/tex/latex/colortbl/colortbl.sty
Package: colortbl 2024/10/29 v1.0k Color table columns (DPC)
\everycr=\toks32
\minrowclearance=\skip69
\rownum=\count316
) (/Users/martinleguennec/Library/TinyTeX/texmf-dist/tex/latex/pdflscape/pdflscape.sty
Package: pdflscape 2025-06-23 v0.14 Display of landscape pages in PDF
(/Users/martinleguennec/Library/TinyTeX/texmf-dist/tex/latex/pdflscape/pdflscape-nometadata.sty
Package: pdflscape-nometadata 2025-06-23 v0.14 Display of landscape pages in PDF (HO)
(/Users/martinleguennec/Library/TinyTeX/texmf-dist/tex/latex/graphics/lscape.sty
Package: lscape 2020/05/28 v3.02 Landscape Pages (DPC)
)
Package pdflscape Info: Auto-detected driver: pdftex on input line 81.
)) (/Users/martinleguennec/Library/TinyTeX/texmf-dist/tex/latex/tabu/tabu.sty
Package: tabu 2019/01/11 v2.9 - flexible LaTeX tabulars (FC+tabu-fixed)
(/Users/martinleguennec/Library/TinyTeX/texmf-dist/tex/latex/varwidth/varwidth.sty
Package: varwidth 2009/03/30 ver 0.92;  Variable-width minipages
\@vwid@box=\box67
\sift@deathcycles=\count317
\@vwid@loff=\dimen259
\@vwid@roff=\dimen260
)
==> First Aid for varwidth.sty applied!
\c@taburow=\count318
\tabu@nbcols=\count319
\tabu@cnt=\count320
\tabu@Xcol=\count321
\tabu@alloc=\count322
\tabu@nested=\count323
\tabu@target=\dimen261
\tabu@spreadtarget=\dimen262
\tabu@naturalX=\dimen263
\tabucolX=\dimen264
\tabu@Xsum=\dimen265
\extrarowdepth=\dimen266
\abovetabulinesep=\dimen267
\belowtabulinesep=\dimen268
\tabustrutrule=\dimen269
\tabu@thebody=\toks33
\tabu@footnotes=\toks34
\tabu@box=\box68
\tabu@arstrutbox=\box69
\tabu@hleads=\box70
\tabu@vleads=\box71
\tabu@cellskip=\skip70
) (/Users/martinleguennec/Library/TinyTeX/texmf-dist/tex/latex/threeparttable/threeparttable.sty
Package: threeparttable 2003/06/13  v 3.0
\@tempboxb=\box72
) (/Users/martinleguennec/Library/TinyTeX/texmf-dist/tex/latex/threeparttablex/threeparttablex.sty
Package: threeparttablex 2013/07/23 v0.3 by daleif
(/Users/martinleguennec/Library/TinyTeX/texmf-dist/tex/latex/environ/environ.sty
Package: environ 2014/05/04 v0.3 A new way to define environments
(/Users/martinleguennec/Library/TinyTeX/texmf-dist/tex/latex/trimspaces/trimspaces.sty
Package: trimspaces 2009/09/17 v1.1 Trim spaces around a token list
))
\TPTL@width=\skip71
) (/Users/martinleguennec/Library/TinyTeX/texmf-dist/tex/generic/ulem/ulem.sty
\UL@box=\box73
\UL@hyphenbox=\box74
\UL@skip=\skip72
\UL@hook=\toks35
\UL@height=\dimen270
\UL@pe=\count324
\UL@pixel=\dimen271
\ULC@box=\box75
Package: ulem 2019/11/18
\ULdepth=\dimen272
) (/Users/martinleguennec/Library/TinyTeX/texmf-dist/tex/latex/makecell/makecell.sty
Package: makecell 2009/08/03 V0.1e Managing of Tab Column Heads and Cells
\rotheadsize=\dimen273
\c@nlinenum=\count325
\TeXr@lab=\toks36
) (/Users/martinleguennec/Library/TinyTeX/texmf-dist/tex/latex/bookmark/bookmark.sty
Package: bookmark 2023-12-10 v1.31 PDF bookmarks (HO)
(/Users/martinleguennec/Library/TinyTeX/texmf-dist/tex/latex/hyperref/hyperref.sty
Package: hyperref 2025-07-12 v7.01o Hypertext links for LaTeX
(/Users/martinleguennec/Library/TinyTeX/texmf-dist/tex/latex/kvsetkeys/kvsetkeys.sty
Package: kvsetkeys 2022-10-05 v1.19 Key value parser (HO)
) (/Users/martinleguennec/Library/TinyTeX/texmf-dist/tex/generic/kvdefinekeys/kvdefinekeys.sty
Package: kvdefinekeys 2019-12-19 v1.6 Define keys (HO)
) (/Users/martinleguennec/Library/TinyTeX/texmf-dist/tex/generic/pdfescape/pdfescape.sty
Package: pdfescape 2019/12/09 v1.15 Implements pdfTeX's escape features (HO)
(/Users/martinleguennec/Library/TinyTeX/texmf-dist/tex/generic/ltxcmds/ltxcmds.sty
Package: ltxcmds 2023-12-04 v1.26 LaTeX kernel commands for general use (HO)
) (/Users/martinleguennec/Library/TinyTeX/texmf-dist/tex/generic/pdftexcmds/pdftexcmds.sty
Package: pdftexcmds 2020-06-27 v0.33 Utility functions of pdfTeX for LuaTeX (HO)
(/Users/martinleguennec/Library/TinyTeX/texmf-dist/tex/generic/infwarerr/infwarerr.sty
Package: infwarerr 2019/12/03 v1.5 Providing info/warning/error messages (HO)
)
Package pdftexcmds Info: \pdf@primitive is available.
Package pdftexcmds Info: \pdf@ifprimitive is available.
Package pdftexcmds Info: \pdfdraftmode found.
)) (/Users/martinleguennec/Library/TinyTeX/texmf-dist/tex/latex/hycolor/hycolor.sty
Package: hycolor 2020-01-27 v1.10 Color options for hyperref/bookmark (HO)
) (/Users/martinleguennec/Library/TinyTeX/texmf-dist/tex/latex/hyperref/nameref.sty
Package: nameref 2025-06-21 v2.57 Cross-referencing by name of section
(/Users/martinleguennec/Library/TinyTeX/texmf-dist/tex/latex/refcount/refcount.sty
Package: refcount 2019/12/15 v3.6 Data extraction from label references (HO)
) (/Users/martinleguennec/Library/TinyTeX/texmf-dist/tex/generic/gettitlestring/gettitlestring.sty
Package: gettitlestring 2019/12/15 v1.6 Cleanup title references (HO)
(/Users/martinleguennec/Library/TinyTeX/texmf-dist/tex/latex/kvoptions/kvoptions.sty
Package: kvoptions 2022-06-15 v3.15 Key value format for package options (HO)
))
\c@section@level=\count326
) (/Users/martinleguennec/Library/TinyTeX/texmf-dist/tex/generic/stringenc/stringenc.sty
Package: stringenc 2019/11/29 v1.12 Convert strings between diff. encodings (HO)
)
\@linkdim=\dimen274
\Hy@linkcounter=\count327
\Hy@pagecounter=\count328
(/Users/martinleguennec/Library/TinyTeX/texmf-dist/tex/latex/hyperref/pd1enc.def
File: pd1enc.def 2025-07-12 v7.01o Hyperref: PDFDocEncoding definition (HO)
Now handling font encoding PD1 ...
... no UTF-8 mapping file for font encoding PD1
) (/Users/martinleguennec/Library/TinyTeX/texmf-dist/tex/generic/intcalc/intcalc.sty
Package: intcalc 2019/12/15 v1.3 Expandable calculations with integers (HO)
)
\Hy@SavedSpaceFactor=\count329
(/Users/martinleguennec/Library/TinyTeX/texmf-dist/tex/latex/hyperref/puenc.def
File: puenc.def 2025-07-12 v7.01o Hyperref: PDF Unicode definition (HO)
Now handling font encoding PU ...
... no UTF-8 mapping file for font encoding PU
)
Package hyperref Info: Option `unicode' set `true' on input line 4066.
Package hyperref Info: Hyper figures OFF on input line 4195.
Package hyperref Info: Link nesting OFF on input line 4200.
Package hyperref Info: Hyper index ON on input line 4203.
Package hyperref Info: Plain pages OFF on input line 4210.
Package hyperref Info: Backreferencing OFF on input line 4215.
Package hyperref Info: Implicit mode ON; LaTeX internals redefined.
Package hyperref Info: Bookmarks ON on input line 4462.
\c@Hy@tempcnt=\count330
(/Users/martinleguennec/Library/TinyTeX/texmf-dist/tex/latex/url/url.sty
\Urlmuskip=\muskip18
Package: url 2013/09/16  ver 3.4  Verb mode for urls, etc.
)
LaTeX Info: Redefining \url on input line 4801.
\XeTeXLinkMargin=\dimen275
(/Users/martinleguennec/Library/TinyTeX/texmf-dist/tex/generic/bitset/bitset.sty
Package: bitset 2019/12/09 v1.3 Handle bit-vector datatype (HO)
(/Users/martinleguennec/Library/TinyTeX/texmf-dist/tex/generic/bigintcalc/bigintcalc.sty
Package: bigintcalc 2019/12/15 v1.5 Expandable calculations on big integers (HO)
))
\Fld@menulength=\count331
\Field@Width=\dimen276
\Fld@charsize=\dimen277
Package hyperref Info: Hyper figures OFF on input line 6078.
Package hyperref Info: Link nesting OFF on input line 6083.
Package hyperref Info: Hyper index ON on input line 6086.
Package hyperref Info: backreferencing OFF on input line 6093.
Package hyperref Info: Link coloring OFF on input line 6098.
Package hyperref Info: Link coloring with OCG OFF on input line 6103.
Package hyperref Info: PDF/A mode OFF on input line 6108.
\Hy@abspage=\count332
\c@Item=\count333
\c@Hfootnote=\count334
)
Package hyperref Info: Driver (autodetected): hpdftex.
(/Users/martinleguennec/Library/TinyTeX/texmf-dist/tex/latex/hyperref/hpdftex.def
File: hpdftex.def 2025-07-12 v7.01o Hyperref driver for pdfTeX
\Fld@listcount=\count335
\c@bookmark@seq@number=\count336
(/Users/martinleguennec/Library/TinyTeX/texmf-dist/tex/latex/rerunfilecheck/rerunfilecheck.sty
Package: rerunfilecheck 2025-06-21 v1.11 Rerun checks for auxiliary files (HO)
(/Users/martinleguennec/Library/TinyTeX/texmf-dist/tex/generic/uniquecounter/uniquecounter.sty
Package: uniquecounter 2019/12/15 v1.4 Provide unlimited unique counter (HO)
)
Package uniquecounter Info: New unique counter `rerunfilecheck' on input line 284.
)
\Hy@SectionHShift=\skip73
) (/Users/martinleguennec/Library/TinyTeX/texmf-dist/tex/latex/bookmark/bkm-pdftex.def
File: bkm-pdftex.def 2023-12-10 v1.31 bookmark driver for pdfTeX and luaTeX (HO)
\BKM@id=\count337
))
LaTeX Font Info:    Trying to load font information for T1+lmr on input line 143.
(/Users/martinleguennec/Library/TinyTeX/texmf-dist/tex/latex/lm/t1lmr.fd
File: t1lmr.fd 2015/05/01 v1.6.1 Font defs for Latin Modern
) (/Users/martinleguennec/Library/TinyTeX/texmf-dist/tex/latex/l3backend/l3backend-pdftex.def
File: l3backend-pdftex.def 2025-10-09 L3 backend support: PDF output (pdfTeX)
\l__color_backend_stack_int=\count338
) (./main.aux)
\openout1 = `main.aux'.

LaTeX Font Info:    Checking defaults for OML/cmm/m/it on input line 143.
LaTeX Font Info:    ... okay on input line 143.
LaTeX Font Info:    Checking defaults for OMS/cmsy/m/n on input line 143.
LaTeX Font Info:    ... okay on input line 143.
LaTeX Font Info:    Checking defaults for OT1/cmr/m/n on input line 143.
LaTeX Font Info:    ... okay on input line 143.
LaTeX Font Info:    Checking defaults for T1/cmr/m/n on input line 143.
LaTeX Font Info:    ... okay on input line 143.
LaTeX Font Info:    Checking defaults for TS1/cmr/m/n on input line 143.
LaTeX Font Info:    ... okay on input line 143.
LaTeX Font Info:    Checking defaults for OMX/cmex/m/n on input line 143.
LaTeX Font Info:    ... okay on input line 143.
LaTeX Font Info:    Checking defaults for U/cmr/m/n on input line 143.
LaTeX Font Info:    ... okay on input line 143.
LaTeX Font Info:    Checking defaults for PD1/pdf/m/n on input line 143.
LaTeX Font Info:    ... okay on input line 143.
LaTeX Font Info:    Checking defaults for PU/pdf/m/n on input line 143.
LaTeX Font Info:    ... okay on input line 143.
(/Users/martinleguennec/Library/TinyTeX/texmf-dist/tex/latex/epstopdf-pkg/epstopdf-base.sty
Package: epstopdf-base 2020-01-24 v2.11 Base part for package epstopdf
Package epstopdf-base Info: Redefining graphics rule for `.eps' on input line 485.
(/Users/martinleguennec/Library/TinyTeX/texmf-dist/tex/latex/latexconfig/epstopdf-sys.cfg
File: epstopdf-sys.cfg 2010/07/13 v1.3 Configuration of (r)epstopdf for TeX Live
))
*geometry* driver: auto-detecting
*geometry* detected driver: pdftex
*geometry* verbose mode - [ preamble ] result:
* driver: pdftex
* paper: <default>
* layout: <same size as paper>
* layoutoffset:(h,v)=(0.0pt,0.0pt)
* modes: 
* h-part:(L,W,R)=(72.26999pt, 469.75502pt, 72.26999pt)
* v-part:(T,H,B)=(72.26999pt, 650.43001pt, 72.26999pt)
* \paperwidth=614.295pt
* \paperheight=794.96999pt
* \textwidth=469.75502pt
* \textheight=650.43001pt
* \oddsidemargin=0.0pt
* \evensidemargin=0.0pt
* \topmargin=-37.0pt
* \headheight=12.0pt
* \headsep=25.0pt
* \topskip=10.0pt
* \footskip=30.0pt
* \marginparwidth=65.0pt
* \marginparsep=11.0pt
* \columnsep=10.0pt
* \skip\footins=9.0pt plus 4.0pt minus 2.0pt
* \hoffset=0.0pt
* \voffset=0.0pt
* \mag=1000
* \@twocolumnfalse
* \@twosidefalse
* \@mparswitchfalse
* \@reversemarginfalse
* (1in=72.27pt=25.4mm, 1cm=28.453pt)

Package caption Info: Begin \AtBeginDocument code.
Package caption Info: float package is loaded.
Package caption Info: hyperref package is loaded.
Package caption Info: threeparttable package is loaded.
Package caption Info: wrapfig package is loaded.
Package caption Info: End \AtBeginDocument code.
Package hyperref Info: Link coloring OFF on input line 143.
LaTeX Font Info:    Trying to load font information for OT1+lmr on input line 145.
(/Users/martinleguennec/Library/TinyTeX/texmf-dist/tex/latex/lm/ot1lmr.fd
File: ot1lmr.fd 2015/05/01 v1.6.1 Font defs for Latin Modern
)
LaTeX Font Info:    Trying to load font information for OML+lmm on input line 145.
(/Users/martinleguennec/Library/TinyTeX/texmf-dist/tex/latex/lm/omllmm.fd
File: omllmm.fd 2015/05/01 v1.6.1 Font defs for Latin Modern
)
LaTeX Font Info:    Trying to load font information for OMS+lmsy on input line 145.
(/Users/martinleguennec/Library/TinyTeX/texmf-dist/tex/latex/lm/omslmsy.fd
File: omslmsy.fd 2015/05/01 v1.6.1 Font defs for Latin Modern
)
LaTeX Font Info:    Trying to load font information for OMX+lmex on input line 145.
(/Users/martinleguennec/Library/TinyTeX/texmf-dist/tex/latex/lm/omxlmex.fd
File: omxlmex.fd 2015/05/01 v1.6.1 Font defs for Latin Modern
)
LaTeX Font Info:    External font `lmex10' loaded for size
(Font)              <12> on input line 145.
LaTeX Font Info:    External font `lmex10' loaded for size
(Font)              <8> on input line 145.
LaTeX Font Info:    External font `lmex10' loaded for size
(Font)              <6> on input line 145.
LaTeX Font Info:    Trying to load font information for U+msa on input line 145.
(/Users/martinleguennec/Library/TinyTeX/texmf-dist/tex/latex/amsfonts/umsa.fd
File: umsa.fd 2013/01/14 v3.01 AMS symbols A
)
LaTeX Font Info:    Trying to load font information for U+msb on input line 145.
(/Users/martinleguennec/Library/TinyTeX/texmf-dist/tex/latex/amsfonts/umsb.fd
File: umsb.fd 2013/01/14 v3.01 AMS symbols B
)
LaTeX Font Info:    Trying to load font information for T1+lmss on input line 148.
(/Users/martinleguennec/Library/TinyTeX/texmf-dist/tex/latex/lm/t1lmss.fd
File: t1lmss.fd 2015/05/01 v1.6.1 Font defs for Latin Modern
) (./main.toc
LaTeX Font Info:    External font `lmex10' loaded for size
(Font)              <10> on input line 2.
LaTeX Font Info:    External font `lmex10' loaded for size
(Font)              <7> on input line 2.
LaTeX Font Info:    External font `lmex10' loaded for size
(Font)              <5> on input line 2.
)
\tf@toc=\write3
\openout3 = `main.toc'.

[1

{/Users/martinleguennec/Library/TinyTeX/texmf-var/fonts/map/pdftex/updmap/pdftex.map}{/Users/martinleguennec/Library/TinyTeX/texmf-dist/fonts/enc/dvips/lm/lm-ec.enc}{/Users/martinleguennec/Library/TinyTeX/texmf-dist/fonts/enc/dvips/lm/lm-rm.enc}{/Users/martinleguennec/Library/TinyTeX/texmf-dist/fonts/enc/dvips/lm/lm-mathit.enc}] (./main.lof)
\tf@lof=\write4
\openout4 = `main.lof'.

[2] (./main.lot)
\tf@lot=\write5
\openout5 = `main.lot'.

[3] [4{/Users/martinleguennec/Library/TinyTeX/texmf-dist/fonts/enc/dvips/lm/lm-mathsy.enc}]
LaTeX Font Info:    Trying to load font information for TS1+lmr on input line 186.
(/Users/martinleguennec/Library/TinyTeX/texmf-dist/tex/latex/lm/ts1lmr.fd
File: ts1lmr.fd 2015/05/01 v1.6.1 Font defs for Latin Modern
)
<Rmd_utils/relative_phase_radians.png, id=197, 1131.22626pt x 416.55624pt>
File: Rmd_utils/relative_phase_radians.png Graphic file (type png)
<use Rmd_utils/relative_phase_radians.png>
Package pdftex.def Info: Rmd_utils/relative_phase_radians.png  used on input line 204.
(pdftex.def)             Requested size: 469.74359pt x 172.97566pt.
[5{/Users/martinleguennec/Library/TinyTeX/texmf-dist/fonts/enc/dvips/lm/lm-ts1.enc} <./Rmd_utils/relative_phase_radians.png>]
LaTeX Font Info:    Trying to load font information for T1+lmtt on input line 230.
(/Users/martinleguennec/Library/TinyTeX/texmf-dist/tex/latex/lm/t1lmtt.fd
File: t1lmtt.fd 2015/05/01 v1.6.1 Font defs for Latin Modern
) [6{/Users/martinleguennec/Library/TinyTeX/texmf-dist/fonts/enc/dvips/lm/lm-mathex.enc}] [7]
<main_files/figure-latex/plt-nb-sync-trials-1.pdf, id=228, 712.6625pt x 627.34375pt>
File: main_files/figure-latex/plt-nb-sync-trials-1.pdf Graphic file (type pdf)
<use main_files/figure-latex/plt-nb-sync-trials-1.pdf>
Package pdftex.def Info: main_files/figure-latex/plt-nb-sync-trials-1.pdf  used on input line 298.
(pdftex.def)             Requested size: 281.85202pt x 248.10916pt.
[8]
LaTeX Font Info:    Calculating math sizes for size <16> on input line 309.
LaTeX Font Info:    External font `lmex10' loaded for size
(Font)              <16> on input line 309.
LaTeX Font Info:    External font `lmex10' loaded for size
(Font)              <11.19995> on input line 309.
<main_files/figure-latex/plt-freqmis-1.pdf, id=238, 1074.0125pt x 627.34375pt>
File: main_files/figure-latex/plt-freqmis-1.pdf Graphic file (type pdf)
<use main_files/figure-latex/plt-freqmis-1.pdf>
Package pdftex.def Info: main_files/figure-latex/plt-freqmis-1.pdf  used on input line 319.
(pdftex.def)             Requested size: 469.7482pt x 274.38564pt.
[9 <./main_files/figure-latex/plt-nb-sync-trials-1.pdf>] [10 <./main_files/figure-latex/plt-freqmis-1.pdf>]
<main_files/figure-latex/lmm-freqmis-assumptions-1.pdf, id=272, 1063.975pt x 626.34pt>
File: main_files/figure-latex/lmm-freqmis-assumptions-1.pdf Graphic file (type pdf)
<use main_files/figure-latex/lmm-freqmis-assumptions-1.pdf>
Package pdftex.def Info: main_files/figure-latex/lmm-freqmis-assumptions-1.pdf  used on input line 351.
(pdftex.def)             Requested size: 375.80617pt x 221.22928pt.

LaTeX Warning: `!h' float specifier changed to `!ht'.


LaTeX Warning: `!h' float specifier changed to `!ht'.


LaTeX Warning: `!h' float specifier changed to `!ht'.

[11 <./main_files/figure-latex/lmm-freqmis-assumptions-1.pdf>] [12] [13]
<main_files/figure-latex/plt-disp-rad-ms-1.pdf, id=313, 857.2025pt x 509.905pt>
File: main_files/figure-latex/plt-disp-rad-ms-1.pdf Graphic file (type pdf)
<use main_files/figure-latex/plt-disp-rad-ms-1.pdf>
Package pdftex.def Info: main_files/figure-latex/plt-disp-rad-ms-1.pdf  used on input line 483.
(pdftex.def)             Requested size: 375.80997pt x 223.54971pt.
<main_files/figure-latex/plt-evolution-sd-1.pdf, id=314, 1074.0125pt x 627.34375pt>
File: main_files/figure-latex/plt-evolution-sd-1.pdf Graphic file (type pdf)
<use main_files/figure-latex/plt-evolution-sd-1.pdf>
Package pdftex.def Info: main_files/figure-latex/plt-evolution-sd-1.pdf  used on input line 494.
(pdftex.def)             Requested size: 469.7482pt x 274.38564pt.
[14 <./main_files/figure-latex/plt-disp-rad-ms-1.pdf>] [15 <./main_files/figure-latex/plt-evolution-sd-1.pdf>]
<main_files/figure-latex/lmm-msf-assumptions-1.pdf, id=349, 1053.9375pt x 626.34pt>
File: main_files/figure-latex/lmm-msf-assumptions-1.pdf Graphic file (type pdf)
<use main_files/figure-latex/lmm-msf-assumptions-1.pdf>
Package pdftex.def Info: main_files/figure-latex/lmm-msf-assumptions-1.pdf  used on input line 525.
(pdftex.def)             Requested size: 375.8149pt x 223.34142pt.
[16 <./main_files/figure-latex/lmm-msf-assumptions-1.pdf>] [17]
<main_files/figure-latex/lmm-sfc-assumptions-1.pdf, id=379, 1056.94875pt x 626.34pt>
File: main_files/figure-latex/lmm-sfc-assumptions-1.pdf Graphic file (type pdf)
<use main_files/figure-latex/lmm-sfc-assumptions-1.pdf>
Package pdftex.def Info: main_files/figure-latex/lmm-sfc-assumptions-1.pdf  used on input line 589.
(pdftex.def)             Requested size: 375.80809pt x 222.70108pt.

LaTeX Warning: `!h' float specifier changed to `!ht'.

<main_files/figure-latex/plt-msf-sfc-1.pdf, id=383, 1074.0125pt x 623.32875pt>
File: main_files/figure-latex/plt-msf-sfc-1.pdf Graphic file (type pdf)
<use main_files/figure-latex/plt-msf-sfc-1.pdf>
Package pdftex.def Info: main_files/figure-latex/plt-msf-sfc-1.pdf  used on input line 643.
(pdftex.def)             Requested size: 469.7482pt x 272.62956pt.
[18 <./main_files/figure-latex/lmm-sfc-assumptions-1.pdf>] [19 <./main_files/figure-latex/plt-msf-sfc-1.pdf>]
<main_files/figure-latex/plt-mean-async-1.pdf, id=426, 857.2025pt x 496.85625pt>
File: main_files/figure-latex/plt-mean-async-1.pdf Graphic file (type pdf)
<use main_files/figure-latex/plt-mean-async-1.pdf>
Package pdftex.def Info: main_files/figure-latex/plt-mean-async-1.pdf  used on input line 662.
(pdftex.def)             Requested size: 422.77966pt x 245.05379pt.

LaTeX Warning: `!h' float specifier changed to `!ht'.

[20 <./main_files/figure-latex/plt-mean-async-1.pdf>]
<main_files/figure-latex/lmm-meanasync-assumptions-1.pdf, id=447, 1065.9825pt x 626.34pt>
File: main_files/figure-latex/lmm-meanasync-assumptions-1.pdf Graphic file (type pdf)
<use main_files/figure-latex/lmm-meanasync-assumptions-1.pdf>
Package pdftex.def Info: main_files/figure-latex/lmm-meanasync-assumptions-1.pdf  used on input line 694.
(pdftex.def)             Requested size: 375.79955pt x 220.80876pt.

LaTeX Warning: `!h' float specifier changed to `!ht'.


LaTeX Warning: `!h' float specifier changed to `!ht'.


LaTeX Warning: `!h' float specifier changed to `!ht'.

<main_files/figure-latex/plt-mean-async-evol-1.pdf, id=452, 712.6625pt x 560.0925pt>
File: main_files/figure-latex/plt-mean-async-evol-1.pdf Graphic file (type pdf)
<use main_files/figure-latex/plt-mean-async-evol-1.pdf>
Package pdftex.def Info: main_files/figure-latex/plt-mean-async-evol-1.pdf  used on input line 772.
(pdftex.def)             Requested size: 281.85202pt x 221.51186pt.
<main_files/figure-latex/plt-mean-async-comparison-1.pdf, id=453, 1069.9975pt x 525.965pt>
File: main_files/figure-latex/plt-mean-async-comparison-1.pdf Graphic file (type pdf)
<use main_files/figure-latex/plt-mean-async-comparison-1.pdf>
Package pdftex.def Info: main_files/figure-latex/plt-mean-async-comparison-1.pdf  used on input line 781.
(pdftex.def)             Requested size: 469.75543pt x 230.91167pt.
[21 <./main_files/figure-latex/lmm-meanasync-assumptions-1.pdf>] [22 <./main_files/figure-latex/plt-mean-async-evol-1.pdf> <./main_files/figure-latex/plt-mean-async-comparison-1.pdf>] [23]
<main_files/figure-latex/plt-nbplats-nma-trials-1.pdf, id=511, 706.64pt x 568.1225pt>
File: main_files/figure-latex/plt-nbplats-nma-trials-1.pdf Graphic file (type pdf)
<use main_files/figure-latex/plt-nbplats-nma-trials-1.pdf>
Package pdftex.def Info: main_files/figure-latex/plt-nbplats-nma-trials-1.pdf  used on input line 816.
(pdftex.def)             Requested size: 281.85309pt x 226.60347pt.
[24 <./main_files/figure-latex/plt-nbplats-nma-trials-1.pdf>]
<main_files/figure-latex/plt-dist-meanasync-subj-1.pdf, id=525, 1077.02374pt x 534.99875pt>
File: main_files/figure-latex/plt-dist-meanasync-subj-1.pdf Graphic file (type pdf)
<use main_files/figure-latex/plt-dist-meanasync-subj-1.pdf>
Package pdftex.def Info: main_files/figure-latex/plt-dist-meanasync-subj-1.pdf  used on input line 834.
(pdftex.def)             Requested size: 469.75053pt x 233.34299pt.
[25 <./main_files/figure-latex/plt-dist-meanasync-subj-1.pdf>]
LaTeX Font Info:    Calculating math sizes for size <13> on input line 843.
LaTeX Font Info:    External font `lmex10' loaded for size
(Font)              <13> on input line 843.
LaTeX Font Info:    External font `lmex10' loaded for size
(Font)              <9.09996> on input line 843.
LaTeX Font Info:    External font `lmex10' loaded for size
(Font)              <6.5> on input line 843.
<main_files/figure-latex/plt-sd-relphase-sync-1.pdf, id=540, 1074.0125pt x 632.3625pt>
File: main_files/figure-latex/plt-sd-relphase-sync-1.pdf Graphic file (type pdf)
<use main_files/figure-latex/plt-sd-relphase-sync-1.pdf>
Package pdftex.def Info: main_files/figure-latex/plt-sd-relphase-sync-1.pdf  used on input line 849.
(pdftex.def)             Requested size: 469.7482pt x 276.58072pt.

LaTeX Warning: `!h' float specifier changed to `!ht'.

<main_files/figure-latex/lmm-sd-relphase-assumptions-1.pdf, id=542, 1074.0125pt x 951.555pt>
File: main_files/figure-latex/lmm-sd-relphase-assumptions-1.pdf Graphic file (type pdf)
<use main_files/figure-latex/lmm-sd-relphase-assumptions-1.pdf>
Package pdftex.def Info: main_files/figure-latex/lmm-sd-relphase-assumptions-1.pdf  used on input line 885.
(pdftex.def)             Requested size: 375.79529pt x 332.9476pt.
[26 <./main_files/figure-latex/plt-sd-relphase-sync-1.pdf>] [27] [28 <./main_files/figure-latex/lmm-sd-relphase-assumptions-1.pdf>]
<main_files/figure-latex/lmm-rl-fr-assumptions-1.pdf, id=589, 1067.99pt x 626.34pt>
File: main_files/figure-latex/lmm-rl-fr-assumptions-1.pdf Graphic file (type pdf)
<use main_files/figure-latex/lmm-rl-fr-assumptions-1.pdf>
Package pdftex.def Info: main_files/figure-latex/lmm-rl-fr-assumptions-1.pdf  used on input line 966.
(pdftex.def)             Requested size: 375.80653pt x 220.39781pt.
<main_files/figure-latex/lmm-rl-in-assumptions-1.pdf, id=590, 1063.975pt x 626.34pt>
File: main_files/figure-latex/lmm-rl-in-assumptions-1.pdf Graphic file (type pdf)
<use main_files/figure-latex/lmm-rl-in-assumptions-1.pdf>
Package pdftex.def Info: main_files/figure-latex/lmm-rl-in-assumptions-1.pdf  used on input line 975.
(pdftex.def)             Requested size: 375.80617pt x 221.22928pt.

LaTeX Warning: `!h' float specifier changed to `!ht'.


LaTeX Warning: `!h' float specifier changed to `!ht'.

<main_files/figure-latex/plt-rl-1.pdf, id=596, 1074.0125pt x 627.34375pt>
File: main_files/figure-latex/plt-rl-1.pdf Graphic file (type pdf)
<use main_files/figure-latex/plt-rl-1.pdf>
Package pdftex.def Info: main_files/figure-latex/plt-rl-1.pdf  used on input line 1032.
(pdftex.def)             Requested size: 469.7482pt x 274.38564pt.
[29] [30 <./main_files/figure-latex/lmm-rl-fr-assumptions-1.pdf> <./main_files/figure-latex/lmm-rl-in-assumptions-1.pdf>] [31 <./main_files/figure-latex/plt-rl-1.pdf>] [32]
<main_files/figure-latex/lmm-sd-phi-msf-fr-assumptions-1.pdf, id=657, 1067.99pt x 626.34pt>
File: main_files/figure-latex/lmm-sd-phi-msf-fr-assumptions-1.pdf Graphic file (type pdf)
<use main_files/figure-latex/lmm-sd-phi-msf-fr-assumptions-1.pdf>
Package pdftex.def Info: main_files/figure-latex/lmm-sd-phi-msf-fr-assumptions-1.pdf  used on input line 1062.
(pdftex.def)             Requested size: 375.80653pt x 220.39781pt.
<main_files/figure-latex/lmm-sd-phi-msf-in-assumptions-1.pdf, id=658, 1067.99pt x 626.34pt>
File: main_files/figure-latex/lmm-sd-phi-msf-in-assumptions-1.pdf Graphic file (type pdf)
<use main_files/figure-latex/lmm-sd-phi-msf-in-assumptions-1.pdf>
Package pdftex.def Info: main_files/figure-latex/lmm-sd-phi-msf-in-assumptions-1.pdf  used on input line 1071.
(pdftex.def)             Requested size: 375.80653pt x 220.39781pt.

LaTeX Warning: `!h' float specifier changed to `!ht'.


LaTeX Warning: `!h' float specifier changed to `!ht'.

<main_files/figure-latex/plt-sd-phi-msf-1.pdf, id=664, 1074.0125pt x 627.34375pt>
File: main_files/figure-latex/plt-sd-phi-msf-1.pdf Graphic file (type pdf)
<use main_files/figure-latex/plt-sd-phi-msf-1.pdf>
Package pdftex.def Info: main_files/figure-latex/plt-sd-phi-msf-1.pdf  used on input line 1128.
(pdftex.def)             Requested size: 469.7482pt x 274.38564pt.
[33 <./main_files/figure-latex/lmm-sd-phi-msf-fr-assumptions-1.pdf>] [34 <./main_files/figure-latex/lmm-sd-phi-msf-in-assumptions-1.pdf> <./main_files/figure-latex/plt-sd-phi-msf-1.pdf>]
<main_files/figure-latex/lmm-sd-phi-sfc-fr-assumptions-1.pdf, id=711, 1073.00874pt x 626.34pt>
File: main_files/figure-latex/lmm-sd-phi-sfc-fr-assumptions-1.pdf Graphic file (type pdf)
<use main_files/figure-latex/lmm-sd-phi-sfc-fr-assumptions-1.pdf>
Package pdftex.def Info: main_files/figure-latex/lmm-sd-phi-sfc-fr-assumptions-1.pdf  used on input line 1156.
(pdftex.def)             Requested size: 375.80428pt x 219.36563pt.
<main_files/figure-latex/lmm-sd-phi-sfc-in-assumptions-1.pdf, id=712, 1060.96375pt x 626.34pt>
File: main_files/figure-latex/lmm-sd-phi-sfc-in-assumptions-1.pdf Graphic file (type pdf)
<use main_files/figure-latex/lmm-sd-phi-sfc-in-assumptions-1.pdf>
Package pdftex.def Info: main_files/figure-latex/lmm-sd-phi-sfc-in-assumptions-1.pdf  used on input line 1165.
(pdftex.def)             Requested size: 375.81104pt x 221.86005pt.

LaTeX Warning: Reference `tab:lmm-sd-phi-sfc-ranef' on page 35 undefined on input line 1176.


LaTeX Warning: `!h' float specifier changed to `!ht'.


LaTeX Warning: `!h' float specifier changed to `!ht'.

<main_files/figure-latex/plt-sd-phi-sfc-1.pdf, id=717, 1074.0125pt x 627.34375pt>
File: main_files/figure-latex/plt-sd-phi-sfc-1.pdf Graphic file (type pdf)
<use main_files/figure-latex/plt-sd-phi-sfc-1.pdf>
Package pdftex.def Info: main_files/figure-latex/plt-sd-phi-sfc-1.pdf  used on input line 1222.
(pdftex.def)             Requested size: 469.7482pt x 274.38564pt.
[35] [36 <./main_files/figure-latex/lmm-sd-phi-sfc-fr-assumptions-1.pdf> <./main_files/figure-latex/lmm-sd-phi-sfc-in-assumptions-1.pdf>] [37]
<main_files/figure-latex/plt-criteria-max-freqmis-1.pdf, id=761, 1074.0125pt x 518.93875pt>
File: main_files/figure-latex/plt-criteria-max-freqmis-1.pdf Graphic file (type pdf)
<use main_files/figure-latex/plt-criteria-max-freqmis-1.pdf>
Package pdftex.def Info: main_files/figure-latex/plt-criteria-max-freqmis-1.pdf  used on input line 1271.
(pdftex.def)             Requested size: 469.7482pt x 226.9718pt.
[38 <./main_files/figure-latex/plt-sd-phi-sfc-1.pdf>] [39 <./main_files/figure-latex/plt-criteria-max-freqmis-1.pdf>]
<main_files/figure-latex/lmm-meanasync-freqmis-fr-assumptions-1.pdf, id=796, 1077.02374pt x 626.34pt>
File: main_files/figure-latex/lmm-meanasync-freqmis-fr-assumptions-1.pdf Graphic file (type pdf)
<use main_files/figure-latex/lmm-meanasync-freqmis-fr-assumptions-1.pdf>
Package pdftex.def Info: main_files/figure-latex/lmm-meanasync-freqmis-fr-assumptions-1.pdf  used on input line 1318.
(pdftex.def)             Requested size: 375.79713pt x 218.54372pt.
<main_files/figure-latex/lmm-meanasync-freqmis-in-assumptions-1.pdf, id=797, 1053.9375pt x 626.34pt>
File: main_files/figure-latex/lmm-meanasync-freqmis-in-assumptions-1.pdf Graphic file (type pdf)
<use main_files/figure-latex/lmm-meanasync-freqmis-in-assumptions-1.pdf>
Package pdftex.def Info: main_files/figure-latex/lmm-meanasync-freqmis-in-assumptions-1.pdf  used on input line 1327.
(pdftex.def)             Requested size: 375.8149pt x 223.34142pt.

LaTeX Warning: `!h' float specifier changed to `!ht'.


LaTeX Warning: `!h' float specifier changed to `!ht'.

[40] [41 <./main_files/figure-latex/lmm-meanasync-freqmis-fr-assumptions-1.pdf> <./main_files/figure-latex/lmm-meanasync-freqmis-in-assumptions-1.pdf>] [42] [43] [44] (./main.aux)
 ***********
LaTeX2e <2025-11-01>
L3 programming layer <2025-10-24>
 ***********

LaTeX Warning: There were undefined references.

 ) 
Here is how much of TeX's memory you used:
 15366 strings out of 468867
 256171 string characters out of 5445575
 679353 words of memory out of 5000000
 43563 multiletter control sequences out of 15000+600000
 759423 words of font info for 128 fonts, out of 8000000 for 9000
 372 hyphenation exceptions out of 8191
 89i,11n,93p,1869b,579s stack positions out of 10000i,1000n,20000p,200000b,200000s
</Users/martinleguennec/Library/TinyTeX/texmf-dist/fonts/type1/public/lm/lmbx10.pfb></Users/martinleguennec/Library/TinyTeX/texmf-dist/fonts/type1/public/lm/lmbxi10.pfb></Users/martinleguennec/Library/TinyTeX/texmf-dist/fonts/type1/public/lm/lmex10.pfb></Users/martinleguennec/Library/TinyTeX/texmf-dist/fonts/type1/public/lm/lmmi10.pfb></Users/martinleguennec/Library/TinyTeX/texmf-dist/fonts/type1/public/lm/lmmi12.pfb></Users/martinleguennec/Library/TinyTeX/texmf-dist/fonts/type1/public/lm/lmmi5.pfb></Users/martinleguennec/Library/TinyTeX/texmf-dist/fonts/type1/public/lm/lmmi7.pfb></Users/martinleguennec/Library/TinyTeX/texmf-dist/fonts/type1/public/lm/lmr10.pfb></Users/martinleguennec/Library/TinyTeX/texmf-dist/fonts/type1/public/lm/lmr12.pfb></Users/martinleguennec/Library/TinyTeX/texmf-dist/fonts/type1/public/lm/lmr17.pfb></Users/martinleguennec/Library/TinyTeX/texmf-dist/fonts/type1/public/lm/lmr6.pfb></Users/martinleguennec/Library/TinyTeX/texmf-dist/fonts/type1/public/lm/lmr7.pfb></Users/martinleguennec/Library/TinyTeX/texmf-dist/fonts/type1/public/lm/lmr8.pfb></Users/martinleguennec/Library/TinyTeX/texmf-dist/fonts/type1/public/lm/lmri10.pfb></Users/martinleguennec/Library/TinyTeX/texmf-dist/fonts/type1/public/lm/lmri7.pfb></Users/martinleguennec/Library/TinyTeX/texmf-dist/fonts/type1/public/lm/lmssbx10.pfb></Users/martinleguennec/Library/TinyTeX/texmf-dist/fonts/type1/public/lm/lmsy10.pfb></Users/martinleguennec/Library/TinyTeX/texmf-dist/fonts/type1/public/lm/lmtt10.pfb></Users/martinleguennec/Library/TinyTeX/texmf-dist/fonts/type1/public/lm/lmtti10.pfb>
Output written on main.pdf (44 pages, 2331492 bytes).
PDF statistics:
 1137 PDF objects out of 1200 (max. 8388607)
 953 compressed objects within 10 object streams
 220 named destinations out of 1000 (max. 500000)
 338 words of extra memory for PDF output out of 10000 (max. 10000000)

